Start testing: Feb 07 14:24 +06
----------------------------------------------------------
1/17 Testing: ArgParserTestSuite.EmptyTest
1/17 Test: ArgParserTestSuite.EmptyTest
Command: "/home/durjoy/Desktop/programming_task40/build/tests/argparser_tests" "--gtest_filter=ArgParserTestSuite.EmptyTest" "--gtest_also_run_disabled_tests"
Directory: /home/durjoy/Desktop/programming_task40/build/tests
"ArgParserTestSuite.EmptyTest" start time: Feb 07 14:24 +06
Output:
----------------------------------------------------------
Running main() from /home/durjoy/Desktop/programming_task40/build/_deps/googletest-src/googletest/src/gtest_main.cc
Note: Google Test filter = ArgParserTestSuite.EmptyTest
[==========] Running 1 test from 1 test suite.
[----------] Global test environment set-up.
[----------] 1 test from ArgParserTestSuite
[ RUN      ] ArgParserTestSuite.EmptyTest
[       OK ] ArgParserTestSuite.EmptyTest (0 ms)
[----------] 1 test from ArgParserTestSuite (0 ms total)

[----------] Global test environment tear-down
[==========] 1 test from 1 test suite ran. (0 ms total)
[  PASSED  ] 1 test.
<end of output>
Test time =   0.01 sec
----------------------------------------------------------
Test Passed.
"ArgParserTestSuite.EmptyTest" end time: Feb 07 14:24 +06
"ArgParserTestSuite.EmptyTest" time elapsed: 00:00:00
----------------------------------------------------------

2/17 Testing: ArgParserTestSuite.StringTest
2/17 Test: ArgParserTestSuite.StringTest
Command: "/home/durjoy/Desktop/programming_task40/build/tests/argparser_tests" "--gtest_filter=ArgParserTestSuite.StringTest" "--gtest_also_run_disabled_tests"
Directory: /home/durjoy/Desktop/programming_task40/build/tests
"ArgParserTestSuite.StringTest" start time: Feb 07 14:24 +06
Output:
----------------------------------------------------------
Running main() from /home/durjoy/Desktop/programming_task40/build/_deps/googletest-src/googletest/src/gtest_main.cc
Note: Google Test filter = ArgParserTestSuite.StringTest
[==========] Running 1 test from 1 test suite.
[----------] Global test environment set-up.
[----------] 1 test from ArgParserTestSuite
[ RUN      ] ArgParserTestSuite.StringTest
/home/durjoy/Desktop/programming_task40/tests/argparser_test.cpp:67: Failure
Expected equality of these values:
  parser.GetStringValue("param1")
    Which is: ""
  "value1"
[  FAILED  ] ArgParserTestSuite.StringTest (0 ms)
[----------] 1 test from ArgParserTestSuite (0 ms total)

[----------] Global test environment tear-down
[==========] 1 test from 1 test suite ran. (0 ms total)
[  PASSED  ] 0 tests.
[  FAILED  ] 1 test, listed below:
[  FAILED  ] ArgParserTestSuite.StringTest

 1 FAILED TEST
<end of output>
Test time =   0.01 sec
----------------------------------------------------------
Test Failed.
"ArgParserTestSuite.StringTest" end time: Feb 07 14:24 +06
"ArgParserTestSuite.StringTest" time elapsed: 00:00:00
----------------------------------------------------------

3/17 Testing: ArgParserTestSuite.ShortNameTest
3/17 Test: ArgParserTestSuite.ShortNameTest
Command: "/home/durjoy/Desktop/programming_task40/build/tests/argparser_tests" "--gtest_filter=ArgParserTestSuite.ShortNameTest" "--gtest_also_run_disabled_tests"
Directory: /home/durjoy/Desktop/programming_task40/build/tests
"ArgParserTestSuite.ShortNameTest" start time: Feb 07 14:24 +06
Output:
----------------------------------------------------------
Running main() from /home/durjoy/Desktop/programming_task40/build/_deps/googletest-src/googletest/src/gtest_main.cc
Note: Google Test filter = ArgParserTestSuite.ShortNameTest
[==========] Running 1 test from 1 test suite.
[----------] Global test environment set-up.
[----------] 1 test from ArgParserTestSuite
[ RUN      ] ArgParserTestSuite.ShortNameTest
/home/durjoy/Desktop/programming_task40/tests/argparser_test.cpp:82: Failure
Expected equality of these values:
  parser.GetStringValue("param1")
    Which is: ""
  "value1"
[  FAILED  ] ArgParserTestSuite.ShortNameTest (0 ms)
[----------] 1 test from ArgParserTestSuite (0 ms total)

[----------] Global test environment tear-down
[==========] 1 test from 1 test suite ran. (0 ms total)
[  PASSED  ] 0 tests.
[  FAILED  ] 1 test, listed below:
[  FAILED  ] ArgParserTestSuite.ShortNameTest

 1 FAILED TEST
<end of output>
Test time =   0.00 sec
----------------------------------------------------------
Test Failed.
"ArgParserTestSuite.ShortNameTest" end time: Feb 07 14:24 +06
"ArgParserTestSuite.ShortNameTest" time elapsed: 00:00:00
----------------------------------------------------------

4/17 Testing: ArgParserTestSuite.DefaultTest
4/17 Test: ArgParserTestSuite.DefaultTest
Command: "/home/durjoy/Desktop/programming_task40/build/tests/argparser_tests" "--gtest_filter=ArgParserTestSuite.DefaultTest" "--gtest_also_run_disabled_tests"
Directory: /home/durjoy/Desktop/programming_task40/build/tests
"ArgParserTestSuite.DefaultTest" start time: Feb 07 14:24 +06
Output:
----------------------------------------------------------
Running main() from /home/durjoy/Desktop/programming_task40/build/_deps/googletest-src/googletest/src/gtest_main.cc
Note: Google Test filter = ArgParserTestSuite.DefaultTest
[==========] Running 1 test from 1 test suite.
[----------] Global test environment set-up.
[----------] 1 test from ArgParserTestSuite
[ RUN      ] ArgParserTestSuite.DefaultTest
unknown file: Failure
C++ exception with description "Boolean default value can only be used with flags." thrown in the test body.
[  FAILED  ] ArgParserTestSuite.DefaultTest (0 ms)
[----------] 1 test from ArgParserTestSuite (0 ms total)

[----------] Global test environment tear-down
[==========] 1 test from 1 test suite ran. (0 ms total)
[  PASSED  ] 0 tests.
[  FAILED  ] 1 test, listed below:
[  FAILED  ] ArgParserTestSuite.DefaultTest

 1 FAILED TEST
<end of output>
Test time =   0.00 sec
----------------------------------------------------------
Test Failed.
"ArgParserTestSuite.DefaultTest" end time: Feb 07 14:24 +06
"ArgParserTestSuite.DefaultTest" time elapsed: 00:00:00
----------------------------------------------------------

5/17 Testing: ArgParserTestSuite.NoDefaultTest
5/17 Test: ArgParserTestSuite.NoDefaultTest
Command: "/home/durjoy/Desktop/programming_task40/build/tests/argparser_tests" "--gtest_filter=ArgParserTestSuite.NoDefaultTest" "--gtest_also_run_disabled_tests"
Directory: /home/durjoy/Desktop/programming_task40/build/tests
"ArgParserTestSuite.NoDefaultTest" start time: Feb 07 14:24 +06
Output:
----------------------------------------------------------
Running main() from /home/durjoy/Desktop/programming_task40/build/_deps/googletest-src/googletest/src/gtest_main.cc
Note: Google Test filter = ArgParserTestSuite.NoDefaultTest
[==========] Running 1 test from 1 test suite.
[----------] Global test environment set-up.
[----------] 1 test from ArgParserTestSuite
[ RUN      ] ArgParserTestSuite.NoDefaultTest
/home/durjoy/Desktop/programming_task40/tests/argparser_test.cpp:111: Failure
Value of: parser.Parse(argc, argv)
  Actual: true
Expected: false
[  FAILED  ] ArgParserTestSuite.NoDefaultTest (0 ms)
[----------] 1 test from ArgParserTestSuite (0 ms total)

[----------] Global test environment tear-down
[==========] 1 test from 1 test suite ran. (0 ms total)
[  PASSED  ] 0 tests.
[  FAILED  ] 1 test, listed below:
[  FAILED  ] ArgParserTestSuite.NoDefaultTest

 1 FAILED TEST
<end of output>
Test time =   0.01 sec
----------------------------------------------------------
Test Failed.
"ArgParserTestSuite.NoDefaultTest" end time: Feb 07 14:24 +06
"ArgParserTestSuite.NoDefaultTest" time elapsed: 00:00:00
----------------------------------------------------------

6/17 Testing: ArgParserTestSuite.StoreValueTest
6/17 Test: ArgParserTestSuite.StoreValueTest
Command: "/home/durjoy/Desktop/programming_task40/build/tests/argparser_tests" "--gtest_filter=ArgParserTestSuite.StoreValueTest" "--gtest_also_run_disabled_tests"
Directory: /home/durjoy/Desktop/programming_task40/build/tests
"ArgParserTestSuite.StoreValueTest" start time: Feb 07 14:24 +06
Output:
----------------------------------------------------------
Running main() from /home/durjoy/Desktop/programming_task40/build/_deps/googletest-src/googletest/src/gtest_main.cc
Note: Google Test filter = ArgParserTestSuite.StoreValueTest
[==========] Running 1 test from 1 test suite.
[----------] Global test environment set-up.
[----------] 1 test from ArgParserTestSuite
[ RUN      ] ArgParserTestSuite.StoreValueTest
[       OK ] ArgParserTestSuite.StoreValueTest (0 ms)
[----------] 1 test from ArgParserTestSuite (0 ms total)

[----------] Global test environment tear-down
[==========] 1 test from 1 test suite ran. (0 ms total)
[  PASSED  ] 1 test.
<end of output>
Test time =   0.01 sec
----------------------------------------------------------
Test Passed.
"ArgParserTestSuite.StoreValueTest" end time: Feb 07 14:24 +06
"ArgParserTestSuite.StoreValueTest" time elapsed: 00:00:00
----------------------------------------------------------

7/17 Testing: ArgParserTestSuite.MultiStringTest
7/17 Test: ArgParserTestSuite.MultiStringTest
Command: "/home/durjoy/Desktop/programming_task40/build/tests/argparser_tests" "--gtest_filter=ArgParserTestSuite.MultiStringTest" "--gtest_also_run_disabled_tests"
Directory: /home/durjoy/Desktop/programming_task40/build/tests
"ArgParserTestSuite.MultiStringTest" start time: Feb 07 14:24 +06
Output:
----------------------------------------------------------
Running main() from /home/durjoy/Desktop/programming_task40/build/_deps/googletest-src/googletest/src/gtest_main.cc
Note: Google Test filter = ArgParserTestSuite.MultiStringTest
[==========] Running 1 test from 1 test suite.
[----------] Global test environment set-up.
[----------] 1 test from ArgParserTestSuite
[ RUN      ] ArgParserTestSuite.MultiStringTest
/home/durjoy/Desktop/programming_task40/tests/argparser_test.cpp:144: Failure
Expected equality of these values:
  parser.GetStringValue("param2")
    Which is: ""
  "value2"
[  FAILED  ] ArgParserTestSuite.MultiStringTest (0 ms)
[----------] 1 test from ArgParserTestSuite (0 ms total)

[----------] Global test environment tear-down
[==========] 1 test from 1 test suite ran. (0 ms total)
[  PASSED  ] 0 tests.
[  FAILED  ] 1 test, listed below:
[  FAILED  ] ArgParserTestSuite.MultiStringTest

 1 FAILED TEST
<end of output>
Test time =   0.01 sec
----------------------------------------------------------
Test Failed.
"ArgParserTestSuite.MultiStringTest" end time: Feb 07 14:24 +06
"ArgParserTestSuite.MultiStringTest" time elapsed: 00:00:00
----------------------------------------------------------

8/17 Testing: ArgParserTestSuite.IntTest
8/17 Test: ArgParserTestSuite.IntTest
Command: "/home/durjoy/Desktop/programming_task40/build/tests/argparser_tests" "--gtest_filter=ArgParserTestSuite.IntTest" "--gtest_also_run_disabled_tests"
Directory: /home/durjoy/Desktop/programming_task40/build/tests
"ArgParserTestSuite.IntTest" start time: Feb 07 14:24 +06
Output:
----------------------------------------------------------
Running main() from /home/durjoy/Desktop/programming_task40/build/_deps/googletest-src/googletest/src/gtest_main.cc
Note: Google Test filter = ArgParserTestSuite.IntTest
[==========] Running 1 test from 1 test suite.
[----------] Global test environment set-up.
[----------] 1 test from ArgParserTestSuite
[ RUN      ] ArgParserTestSuite.IntTest
/home/durjoy/Desktop/programming_task40/tests/argparser_test.cpp:159: Failure
Expected equality of these values:
  parser.GetIntValue("param1")
    Which is: 0
  100500
[  FAILED  ] ArgParserTestSuite.IntTest (0 ms)
[----------] 1 test from ArgParserTestSuite (0 ms total)

[----------] Global test environment tear-down
[==========] 1 test from 1 test suite ran. (0 ms total)
[  PASSED  ] 0 tests.
[  FAILED  ] 1 test, listed below:
[  FAILED  ] ArgParserTestSuite.IntTest

 1 FAILED TEST
<end of output>
Test time =   0.01 sec
----------------------------------------------------------
Test Failed.
"ArgParserTestSuite.IntTest" end time: Feb 07 14:24 +06
"ArgParserTestSuite.IntTest" time elapsed: 00:00:00
----------------------------------------------------------

9/17 Testing: ArgParserTestSuite.MultiValueTest
9/17 Test: ArgParserTestSuite.MultiValueTest
Command: "/home/durjoy/Desktop/programming_task40/build/tests/argparser_tests" "--gtest_filter=ArgParserTestSuite.MultiValueTest" "--gtest_also_run_disabled_tests"
Directory: /home/durjoy/Desktop/programming_task40/build/tests
"ArgParserTestSuite.MultiValueTest" start time: Feb 07 14:24 +06
Output:
----------------------------------------------------------
Running main() from /home/durjoy/Desktop/programming_task40/build/_deps/googletest-src/googletest/src/gtest_main.cc
Note: Google Test filter = ArgParserTestSuite.MultiValueTest
[==========] Running 1 test from 1 test suite.
[----------] Global test environment set-up.
[----------] 1 test from ArgParserTestSuite
[ RUN      ] ArgParserTestSuite.MultiValueTest
[       OK ] ArgParserTestSuite.MultiValueTest (0 ms)
[----------] 1 test from ArgParserTestSuite (0 ms total)

[----------] Global test environment tear-down
[==========] 1 test from 1 test suite ran. (0 ms total)
[  PASSED  ] 1 test.
<end of output>
Test time =   0.01 sec
----------------------------------------------------------
Test Passed.
"ArgParserTestSuite.MultiValueTest" end time: Feb 07 14:24 +06
"ArgParserTestSuite.MultiValueTest" time elapsed: 00:00:00
----------------------------------------------------------

10/17 Testing: ArgParserTestSuite.MinCountMultiValueTest
10/17 Test: ArgParserTestSuite.MinCountMultiValueTest
Command: "/home/durjoy/Desktop/programming_task40/build/tests/argparser_tests" "--gtest_filter=ArgParserTestSuite.MinCountMultiValueTest" "--gtest_also_run_disabled_tests"
Directory: /home/durjoy/Desktop/programming_task40/build/tests
"ArgParserTestSuite.MinCountMultiValueTest" start time: Feb 07 14:24 +06
Output:
----------------------------------------------------------
Running main() from /home/durjoy/Desktop/programming_task40/build/_deps/googletest-src/googletest/src/gtest_main.cc
Note: Google Test filter = ArgParserTestSuite.MinCountMultiValueTest
[==========] Running 1 test from 1 test suite.
[----------] Global test environment set-up.
[----------] 1 test from ArgParserTestSuite
[ RUN      ] ArgParserTestSuite.MinCountMultiValueTest
[       OK ] ArgParserTestSuite.MinCountMultiValueTest (0 ms)
[----------] 1 test from ArgParserTestSuite (0 ms total)

[----------] Global test environment tear-down
[==========] 1 test from 1 test suite ran. (0 ms total)
[  PASSED  ] 1 test.
<end of output>
Test time =   0.01 sec
----------------------------------------------------------
Test Passed.
"ArgParserTestSuite.MinCountMultiValueTest" end time: Feb 07 14:24 +06
"ArgParserTestSuite.MinCountMultiValueTest" time elapsed: 00:00:00
----------------------------------------------------------

11/17 Testing: ArgParserTestSuite.FlagTest
11/17 Test: ArgParserTestSuite.FlagTest
Command: "/home/durjoy/Desktop/programming_task40/build/tests/argparser_tests" "--gtest_filter=ArgParserTestSuite.FlagTest" "--gtest_also_run_disabled_tests"
Directory: /home/durjoy/Desktop/programming_task40/build/tests
"ArgParserTestSuite.FlagTest" start time: Feb 07 14:24 +06
Output:
----------------------------------------------------------
Running main() from /home/durjoy/Desktop/programming_task40/build/_deps/googletest-src/googletest/src/gtest_main.cc
Note: Google Test filter = ArgParserTestSuite.FlagTest
[==========] Running 1 test from 1 test suite.
[----------] Global test environment set-up.
[----------] 1 test from ArgParserTestSuite
[ RUN      ] ArgParserTestSuite.FlagTest
/home/durjoy/Desktop/programming_task40/tests/argparser_test.cpp:208: Failure
Value of: parser.GetFlag("flag1")
  Actual: false
Expected: true
[  FAILED  ] ArgParserTestSuite.FlagTest (0 ms)
[----------] 1 test from ArgParserTestSuite (0 ms total)

[----------] Global test environment tear-down
[==========] 1 test from 1 test suite ran. (0 ms total)
[  PASSED  ] 0 tests.
[  FAILED  ] 1 test, listed below:
[  FAILED  ] ArgParserTestSuite.FlagTest

 1 FAILED TEST
<end of output>
Test time =   0.01 sec
----------------------------------------------------------
Test Failed.
"ArgParserTestSuite.FlagTest" end time: Feb 07 14:24 +06
"ArgParserTestSuite.FlagTest" time elapsed: 00:00:00
----------------------------------------------------------

12/17 Testing: ArgParserTestSuite.FlagsTest
12/17 Test: ArgParserTestSuite.FlagsTest
Command: "/home/durjoy/Desktop/programming_task40/build/tests/argparser_tests" "--gtest_filter=ArgParserTestSuite.FlagsTest" "--gtest_also_run_disabled_tests"
Directory: /home/durjoy/Desktop/programming_task40/build/tests
"ArgParserTestSuite.FlagsTest" start time: Feb 07 14:24 +06
Output:
----------------------------------------------------------
Running main() from /home/durjoy/Desktop/programming_task40/build/_deps/googletest-src/googletest/src/gtest_main.cc
Note: Google Test filter = ArgParserTestSuite.FlagsTest
[==========] Running 1 test from 1 test suite.
[----------] Global test environment set-up.
[----------] 1 test from ArgParserTestSuite
[ RUN      ] ArgParserTestSuite.FlagsTest
/home/durjoy/Desktop/programming_task40/tests/argparser_test.cpp:226: Failure
Value of: parser.GetFlag("flag1")
  Actual: false
Expected: true
[  FAILED  ] ArgParserTestSuite.FlagsTest (0 ms)
[----------] 1 test from ArgParserTestSuite (0 ms total)

[----------] Global test environment tear-down
[==========] 1 test from 1 test suite ran. (0 ms total)
[  PASSED  ] 0 tests.
[  FAILED  ] 1 test, listed below:
[  FAILED  ] ArgParserTestSuite.FlagsTest

 1 FAILED TEST
<end of output>
Test time =   0.00 sec
----------------------------------------------------------
Test Failed.
"ArgParserTestSuite.FlagsTest" end time: Feb 07 14:24 +06
"ArgParserTestSuite.FlagsTest" time elapsed: 00:00:00
----------------------------------------------------------

13/17 Testing: ArgParserTestSuite.PositionalArgTest
13/17 Test: ArgParserTestSuite.PositionalArgTest
Command: "/home/durjoy/Desktop/programming_task40/build/tests/argparser_tests" "--gtest_filter=ArgParserTestSuite.PositionalArgTest" "--gtest_also_run_disabled_tests"
Directory: /home/durjoy/Desktop/programming_task40/build/tests
"ArgParserTestSuite.PositionalArgTest" start time: Feb 07 14:24 +06
Output:
----------------------------------------------------------
Running main() from /home/durjoy/Desktop/programming_task40/build/_deps/googletest-src/googletest/src/gtest_main.cc
Note: Google Test filter = ArgParserTestSuite.PositionalArgTest
[==========] Running 1 test from 1 test suite.
[----------] Global test environment set-up.
[----------] 1 test from ArgParserTestSuite
[ RUN      ] ArgParserTestSuite.PositionalArgTest
[       OK ] ArgParserTestSuite.PositionalArgTest (0 ms)
[----------] 1 test from ArgParserTestSuite (0 ms total)

[----------] Global test environment tear-down
[==========] 1 test from 1 test suite ran. (0 ms total)
[  PASSED  ] 1 test.
<end of output>
Test time =   0.01 sec
----------------------------------------------------------
Test Passed.
"ArgParserTestSuite.PositionalArgTest" end time: Feb 07 14:24 +06
"ArgParserTestSuite.PositionalArgTest" time elapsed: 00:00:00
----------------------------------------------------------

14/17 Testing: ArgParserTestSuite.PositionalAndNormalArgTest
14/17 Test: ArgParserTestSuite.PositionalAndNormalArgTest
Command: "/home/durjoy/Desktop/programming_task40/build/tests/argparser_tests" "--gtest_filter=ArgParserTestSuite.PositionalAndNormalArgTest" "--gtest_also_run_disabled_tests"
Directory: /home/durjoy/Desktop/programming_task40/build/tests
"ArgParserTestSuite.PositionalAndNormalArgTest" start time: Feb 07 14:24 +06
Output:
----------------------------------------------------------
Running main() from /home/durjoy/Desktop/programming_task40/build/_deps/googletest-src/googletest/src/gtest_main.cc
Note: Google Test filter = ArgParserTestSuite.PositionalAndNormalArgTest
[==========] Running 1 test from 1 test suite.
[----------] Global test environment set-up.
[----------] 1 test from ArgParserTestSuite
[ RUN      ] ArgParserTestSuite.PositionalAndNormalArgTest
/home/durjoy/Desktop/programming_task40/tests/argparser_test.cpp:264: Failure
Value of: parser.GetFlag("flag")
  Actual: false
Expected: true
[  FAILED  ] ArgParserTestSuite.PositionalAndNormalArgTest (0 ms)
[----------] 1 test from ArgParserTestSuite (0 ms total)

[----------] Global test environment tear-down
[==========] 1 test from 1 test suite ran. (0 ms total)
[  PASSED  ] 0 tests.
[  FAILED  ] 1 test, listed below:
[  FAILED  ] ArgParserTestSuite.PositionalAndNormalArgTest

 1 FAILED TEST
<end of output>
Test time =   0.01 sec
----------------------------------------------------------
Test Failed.
"ArgParserTestSuite.PositionalAndNormalArgTest" end time: Feb 07 14:24 +06
"ArgParserTestSuite.PositionalAndNormalArgTest" time elapsed: 00:00:00
----------------------------------------------------------

15/17 Testing: ArgParserTestSuite.RepeatedParsingTest
15/17 Test: ArgParserTestSuite.RepeatedParsingTest
Command: "/home/durjoy/Desktop/programming_task40/build/tests/argparser_tests" "--gtest_filter=ArgParserTestSuite.RepeatedParsingTest" "--gtest_also_run_disabled_tests"
Directory: /home/durjoy/Desktop/programming_task40/build/tests
"ArgParserTestSuite.RepeatedParsingTest" start time: Feb 07 14:24 +06
Output:
----------------------------------------------------------
Running main() from /home/durjoy/Desktop/programming_task40/build/_deps/googletest-src/googletest/src/gtest_main.cc
Note: Google Test filter = ArgParserTestSuite.RepeatedParsingTest
[==========] Running 1 test from 1 test suite.
[----------] Global test environment set-up.
[----------] 1 test from ArgParserTestSuite
[ RUN      ] ArgParserTestSuite.RepeatedParsingTest
/home/durjoy/Desktop/programming_task40/tests/argparser_test.cpp:301: Failure
Value of: parser.Parse(argc, argv)
  Actual: false
Expected: true
[  FAILED  ] ArgParserTestSuite.RepeatedParsingTest (0 ms)
[----------] 1 test from ArgParserTestSuite (0 ms total)

[----------] Global test environment tear-down
[==========] 1 test from 1 test suite ran. (0 ms total)
[  PASSED  ] 0 tests.
[  FAILED  ] 1 test, listed below:
[  FAILED  ] ArgParserTestSuite.RepeatedParsingTest

 1 FAILED TEST
<end of output>
Test time =   0.01 sec
----------------------------------------------------------
Test Failed.
"ArgParserTestSuite.RepeatedParsingTest" end time: Feb 07 14:24 +06
"ArgParserTestSuite.RepeatedParsingTest" time elapsed: 00:00:00
----------------------------------------------------------

16/17 Testing: ArgParserTestSuite.HelpTest
16/17 Test: ArgParserTestSuite.HelpTest
Command: "/home/durjoy/Desktop/programming_task40/build/tests/argparser_tests" "--gtest_filter=ArgParserTestSuite.HelpTest" "--gtest_also_run_disabled_tests"
Directory: /home/durjoy/Desktop/programming_task40/build/tests
"ArgParserTestSuite.HelpTest" start time: Feb 07 14:24 +06
Output:
----------------------------------------------------------
Running main() from /home/durjoy/Desktop/programming_task40/build/_deps/googletest-src/googletest/src/gtest_main.cc
Note: Google Test filter = ArgParserTestSuite.HelpTest
[==========] Running 1 test from 1 test suite.
[----------] Global test environment set-up.
[----------] 1 test from ArgParserTestSuite
[ RUN      ] ArgParserTestSuite.HelpTest
[       OK ] ArgParserTestSuite.HelpTest (0 ms)
[----------] 1 test from ArgParserTestSuite (0 ms total)

[----------] Global test environment tear-down
[==========] 1 test from 1 test suite ran. (0 ms total)
[  PASSED  ] 1 test.
<end of output>
Test time =   0.01 sec
----------------------------------------------------------
Test Passed.
"ArgParserTestSuite.HelpTest" end time: Feb 07 14:24 +06
"ArgParserTestSuite.HelpTest" time elapsed: 00:00:00
----------------------------------------------------------

17/17 Testing: ArgParserTestSuite.HelpStringTest
17/17 Test: ArgParserTestSuite.HelpStringTest
Command: "/home/durjoy/Desktop/programming_task40/build/tests/argparser_tests" "--gtest_filter=ArgParserTestSuite.HelpStringTest" "--gtest_also_run_disabled_tests"
Directory: /home/durjoy/Desktop/programming_task40/build/tests
"ArgParserTestSuite.HelpStringTest" start time: Feb 07 14:24 +06
Output:
----------------------------------------------------------
Running main() from /home/durjoy/Desktop/programming_task40/build/_deps/googletest-src/googletest/src/gtest_main.cc
Note: Google Test filter = ArgParserTestSuite.HelpStringTest
[==========] Running 1 test from 1 test suite.
[----------] Global test environment set-up.
[----------] 1 test from ArgParserTestSuite
[ RUN      ] ArgParserTestSuite.HelpStringTest
[       OK ] ArgParserTestSuite.HelpStringTest (0 ms)
[----------] 1 test from ArgParserTestSuite (0 ms total)

[----------] Global test environment tear-down
[==========] 1 test from 1 test suite ran. (0 ms total)
[  PASSED  ] 1 test.
<end of output>
Test time =   0.00 sec
----------------------------------------------------------
Test Passed.
"ArgParserTestSuite.HelpStringTest" end time: Feb 07 14:24 +06
"ArgParserTestSuite.HelpStringTest" time elapsed: 00:00:00
----------------------------------------------------------

End testing: Feb 07 14:24 +06
